<?xml version="1.0" encoding="UTF-8"?>
<testng-results skipped="0" failed="0" ignored="0" total="1" passed="1">
  <reporter-output>
  </reporter-output>
  <suite name="Default Suite" duration-ms="72" started-at="2017-12-27T11:04:54Z" finished-at="2017-12-27T11:04:54Z">
    <groups>
    </groups>
    <test name="bootcamp" duration-ms="72" started-at="2017-12-27T11:04:54Z" finished-at="2017-12-27T11:04:54Z">
      <class name="exercises.HelloWorldTest">
        <test-method status="PASS" signature="printText()[pri:0, instance:exercises.HelloWorldTest@2fc14f68]" name="printText" duration-ms="17" started-at="2017-12-27T12:04:54Z" finished-at="2017-12-27T12:04:54Z">
          <reporter-output>
          </reporter-output>
        </test-method> <!-- printText -->
      </class> <!-- exercises.HelloWorldTest -->
    </test> <!-- bootcamp -->
  </suite> <!-- Default Suite -->
</testng-results>
